

Processing Rails::InfoController#properties (for ::1 at 2009-06-13 11:58:52) [GET]
  [4;36;1mSQL (0.4ms)[0m   [0;1m SELECT name
 FROM sqlite_master
 WHERE type = 'table' AND NOT name = 'sqlite_sequence'
[0m
Completed in 223ms (View: 2, DB: 0) | 200 OK [http://localhost/rails/info/properties]
  [4;36;1mSQL (0.3ms)[0m   [0;1m SELECT name
 FROM sqlite_master
 WHERE type = 'table' AND NOT name = 'sqlite_sequence'
[0m
  [4;35;1mSQL (0.2ms)[0m   [0mselect sqlite_version(*)[0m
  [4;36;1mSQL (43.6ms)[0m   [0;1mCREATE TABLE "schema_migrations" ("version" varchar(255) NOT NULL) [0m
  [4;35;1mSQL (2.1ms)[0m   [0mCREATE UNIQUE INDEX "unique_schema_migrations" ON "schema_migrations" ("version")[0m
  [4;36;1mSQL (0.3ms)[0m   [0;1m SELECT name
 FROM sqlite_master
 WHERE type = 'table' AND NOT name = 'sqlite_sequence'
[0m
  [4;35;1mSQL (0.1ms)[0m   [0mSELECT version FROM schema_migrations[0m
Migrating to CreateTopics (20090613204308)
  [4;36;1mSQL (0.5ms)[0m   [0;1mCREATE TABLE "topics" ("id" INTEGER PRIMARY KEY AUTOINCREMENT NOT NULL, "title" varchar(255), "description" text, "created_at" datetime, "updated_at" datetime) [0m
  [4;35;1mSQL (0.2ms)[0m   [0mINSERT INTO schema_migrations (version) VALUES ('20090613204308')[0m
  [4;36;1mSQL (0.5ms)[0m   [0;1m SELECT name
 FROM sqlite_master
 WHERE type = 'table' AND NOT name = 'sqlite_sequence'
[0m
  [4;35;1mSQL (0.2ms)[0m   [0mSELECT version FROM schema_migrations[0m
  [4;36;1mSQL (0.2ms)[0m   [0;1m SELECT name
 FROM sqlite_master
 WHERE type = 'table' AND NOT name = 'sqlite_sequence'
[0m
  [4;35;1mSQL (0.1ms)[0m   [0mPRAGMA index_list("topics")[0m


Processing TopicsController#index (for ::1 at 2009-06-13 13:53:30) [GET]
  [4;35;1mTopic Load (0.8ms)[0m   [0mSELECT * FROM "topics" [0m
Rendering template within layouts/topics
Rendering topics/index
Completed in 726ms (View: 720, DB: 1) | 200 OK [http://localhost/topics]


Processing TopicsController#new (for ::1 at 2009-06-13 13:54:05) [GET]
Rendering template within layouts/topics
Rendering topics/new
Completed in 26ms (View: 21, DB: 0) | 200 OK [http://localhost/topics/new]


Processing TopicsController#create (for ::1 at 2009-06-13 13:54:10) [POST]
  Parameters: {"commit"=>"Create", "authenticity_token"=>"ukdR8BwkfKCeEKXwBybnXVnqMqQ5Lvdy7XBnZqJ17SY=", "topic"=>{"title"=>"ththth", "description"=>"ttttttt"}}
  [4;36;1mTopic Create (0.5ms)[0m   [0;1mINSERT INTO "topics" ("created_at", "title", "updated_at", "description") VALUES('2009-06-13 20:54:10', 'ththth', '2009-06-13 20:54:10', 'ttttttt')[0m
Redirected to http://localhost:3000/topics/1
Completed in 44ms (DB: 0) | 302 Found [http://localhost/topics]


Processing TopicsController#show (for ::1 at 2009-06-13 13:54:10) [GET]
  Parameters: {"id"=>"1"}
  [4;35;1mTopic Load (0.3ms)[0m   [0mSELECT * FROM "topics" WHERE ("topics"."id" = 1) [0m
Rendering template within layouts/topics
Rendering topics/show
Completed in 25ms (View: 20, DB: 0) | 200 OK [http://localhost/topics/1]


Processing TopicsController#index (for ::1 at 2009-06-13 13:54:13) [GET]
  [4;36;1mTopic Load (20.5ms)[0m   [0;1mSELECT * FROM "topics" [0m
Rendering template within layouts/topics
Rendering topics/index
Completed in 29ms (View: 4, DB: 21) | 200 OK [http://localhost/topics]


Processing TopicsController#new (for ::1 at 2009-06-13 13:54:14) [GET]
Rendering template within layouts/topics
Rendering topics/new
Completed in 8ms (View: 3, DB: 0) | 200 OK [http://localhost/topics/new]


Processing TopicsController#create (for ::1 at 2009-06-13 13:54:19) [POST]
  Parameters: {"commit"=>"Create", "authenticity_token"=>"ukdR8BwkfKCeEKXwBybnXVnqMqQ5Lvdy7XBnZqJ17SY=", "topic"=>{"title"=>"ifitditd", "description"=>"nhdnhdnhdhn"}}
  [4;35;1mTopic Create (28.3ms)[0m   [0mINSERT INTO "topics" ("created_at", "title", "updated_at", "description") VALUES('2009-06-13 20:54:19', 'ifitditd', '2009-06-13 20:54:19', 'nhdnhdnhdhn')[0m
Redirected to http://localhost:3000/topics/2
Completed in 38ms (DB: 28) | 302 Found [http://localhost/topics]


Processing TopicsController#show (for ::1 at 2009-06-13 13:54:19) [GET]
  Parameters: {"id"=>"2"}
  [4;36;1mTopic Load (0.3ms)[0m   [0;1mSELECT * FROM "topics" WHERE ("topics"."id" = 2) [0m
Rendering template within layouts/topics
Rendering topics/show
Completed in 8ms (View: 2, DB: 0) | 200 OK [http://localhost/topics/2]


Processing TopicsController#index (for ::1 at 2009-06-13 13:54:22) [GET]
  [4;35;1mTopic Load (0.8ms)[0m   [0mSELECT * FROM "topics" [0m
Rendering template within layouts/topics
Rendering topics/index
Completed in 9ms (View: 4, DB: 1) | 200 OK [http://localhost/topics]


Processing TopicsController#new (for ::1 at 2009-06-13 13:54:50) [GET]
Rendering template within layouts/topics
Rendering topics/new
Completed in 8ms (View: 3, DB: 0) | 200 OK [http://localhost/topics/new]


Processing TopicsController#create (for ::1 at 2009-06-13 13:54:57) [POST]
  Parameters: {"commit"=>"Create", "authenticity_token"=>"ukdR8BwkfKCeEKXwBybnXVnqMqQ5Lvdy7XBnZqJ17SY=", "topic"=>{"title"=>"uuuuuu", "description"=>"uuiiiiuuiiii"}}
  [4;36;1mTopic Create (0.4ms)[0m   [0;1mINSERT INTO "topics" ("created_at", "title", "updated_at", "description") VALUES('2009-06-13 20:54:57', 'uuuuuu', '2009-06-13 20:54:57', 'uuiiiiuuiiii')[0m
Redirected to http://localhost:3000/topics/3
Completed in 12ms (DB: 0) | 302 Found [http://localhost/topics]


Processing TopicsController#show (for ::1 at 2009-06-13 13:54:57) [GET]
  Parameters: {"id"=>"3"}
  [4;35;1mTopic Load (0.4ms)[0m   [0mSELECT * FROM "topics" WHERE ("topics"."id" = 3) [0m
Rendering template within layouts/topics
Rendering topics/show
Completed in 10ms (View: 2, DB: 0) | 200 OK [http://localhost/topics/3]


Processing TopicsController#index (for ::1 at 2009-06-13 13:55:33) [GET]
  [4;36;1mTopic Load (0.9ms)[0m   [0;1mSELECT * FROM "topics" [0m
Rendering template within layouts/topics
Rendering topics/index
Completed in 10ms (View: 5, DB: 1) | 200 OK [http://localhost/topics]
